[21.001100540] 2018-07-19 15:36:00,900 - INFO - launcher: Starting sanity checks
[21.001100540] 2018-07-19 15:36:00,900 - INFO - launcher: Checking for Python 3.5+
[21.001100540] 2018-07-19 15:36:00,900 - INFO - launcher: Checking console encoding
[22.001266479] 2018-07-19 15:36:00,901 - INFO - launcher: Setting console encoding to UTF-8
[22.001266479] 2018-07-19 15:36:00,901 - INFO - launcher: Ensuring we're in the right environment
[22.001266479] 2018-07-19 15:36:00,901 - INFO - launcher: Adding local bins/ folder to path
[23.001194000] 2018-07-19 15:36:00,902 - INFO - launcher: Required checks passed.
[23.001194000] 2018-07-19 15:36:00,902 - INFO - launcher: Optional checks passed.
[23.001194000] 2018-07-19 15:36:00,902 - INFO - launcher: Moving old musicbot log

######################### PRE-RUN SANITY CHECKS PASSED #########################

[0.6930396556854248] 2018-07-19 15:36:01,572 - WARNING - musicbot.config | In config.py::MainThread(3840), line 112 in run_checks: i18n file does not exist. Trying to fallback to config/i18n/en.json.
[0.6940395832061768] 2018-07-19 15:36:01,573 - INFO - musicbot.config | In config.py::MainThread(3840), line 123 in run_checks: Using i18n: config/i18n/en.json
[0.6950397491455078] 2018-07-19 15:36:01,574 - WARNING - musicbot.config | In config.py::MainThread(3840), line 293 in find_autoplaylist: No autoplaylist file found.
[0.6960396766662598] 2018-07-19 15:36:01,575 - DEBUG - musicbot.json | In json.py::MainThread(3840), line 8 in __init__: Init JSON obj with config/i18n/en.json
[1.0430595874786377] 2018-07-19 15:36:01,922 - DEBUG - musicbot.bot | In bot.py::MainThread(3840), line 227 in _setup_logging: Set logging level to INFO
[1.0430595874786377] 2018-07-19 15:36:01,922 - INFO - musicbot.bot | In bot.py::MainThread(3840), line 84 in __init__: Starting MusicBot 1.9.7
[1.0440597534179688] 2018-07-19 15:36:01,923 - WARNING - musicbot.bot | In bot.py::MainThread(3840), line 87 in __init__: Autoplaylist is empty, disabling.
[4.1142354011535645] 2018-07-19 15:36:04,994 - DEBUG - musicbot.bot | In bot.py::MainThread(3840), line 1074 in on_ready: Connection established, ready to go.
[4.1142354011535645] 2018-07-19 15:36:04,994 - DEBUG - musicbot.bot | In bot.py::MainThread(3840), line 339 in _cache_app_info: Caching app info
[4.2972457408905029] 2018-07-19 15:36:05,177 - DEBUG - musicbot.bot | In bot.py::MainThread(3840), line 889 in _scheck_ensure_env: Ensuring data folders exist
[4.2972457408905029] 2018-07-19 15:36:05,177 - DEBUG - musicbot.bot | In bot.py::MainThread(3840), line 899 in _scheck_ensure_env: Deleted old audio cache
[4.2972457408905029] 2018-07-19 15:36:05,177 - DEBUG - musicbot.bot | In bot.py::MainThread(3840), line 905 in _scheck_server_permissions: Checking server permissions
[4.2982459068298340] 2018-07-19 15:36:05,178 - DEBUG - musicbot.bot | In bot.py::MainThread(3840), line 909 in _scheck_autoplaylist: Auditing autoplaylist
[4.2982459068298340] 2018-07-19 15:36:05,178 - DEBUG - musicbot.bot | In bot.py::MainThread(3840), line 913 in _scheck_configs: Validating config
[4.2982459068298340] 2018-07-19 15:36:05,178 - DEBUG - musicbot.config | In config.py::MainThread(3840), line 212 in async_validate: Validating options...
[4.2982459068298340] 2018-07-19 15:36:05,178 - DEBUG - musicbot.bot | In bot.py::MainThread(3840), line 916 in _scheck_configs: Validating permissions config
[4.2982459068298340] 2018-07-19 15:36:05,178 - DEBUG - musicbot.permissions | In permissions.py::MainThread(3840), line 64 in async_validate: Validating permissions...
[4.2982459068298340] 2018-07-19 15:36:05,178 - INFO - musicbot.bot | In bot.py::MainThread(3840), line 1091 in on_ready: Connected: 469253824864059392/Mia Khalifa#3195
[4.2992458343505859] 2018-07-19 15:36:05,179 - INFO - musicbot.bot | In bot.py::MainThread(3840), line 1099 in on_ready: Owner:     463087000312872970/Vladddh#5487

[4.2992458343505859] 2018-07-19 15:36:05,179 - INFO - musicbot.bot | In bot.py::MainThread(3840), line 1102 in on_ready: Server List:
[4.3002460002899170] 2018-07-19 15:36:05,180 - INFO - musicbot.bot | In bot.py::MainThread(3840), line 1105 in on_ready:  - Liverpool FC
[4.3002460002899170] 2018-07-19 15:36:05,180 - INFO - musicbot.bot | In bot.py::MainThread(3840), line 1151 in on_ready: Not bound to any text channels
[4.3012459278106689] 2018-07-19 15:36:05,181 - INFO - musicbot.bot | In bot.py::MainThread(3840), line 1177 in on_ready: Not autojoining any voice channels
[4.3012459278106689] 2018-07-19 15:36:05,181 - INFO - musicbot.bot | In bot.py::MainThread(3840), line 272 in _join_startup_channels: Found owner in "Camera 1"
[4.3022460937500000] 2018-07-19 15:36:05,182 - INFO - musicbot.bot | In bot.py::MainThread(3840), line 281 in _join_startup_channels: Attempting to join Liverpool FC/Camera 1
[4.3022460937500000] 2018-07-19 15:36:05,182 - DEBUG - musicbot.bot | In bot.py::MainThread(3840), line 452 in get_voice_client: Connection attempt 1 to Camera 1
[4.3022460937500000] 2018-07-19 15:36:05,182 - VOICEDEBUG - musicbot.bot | In bot.py::MainThread(3840), line 391 in join_voice_channel: (join_voice_channel) creating futures
[4.3032462596893311] 2018-07-19 15:36:05,183 - VOICEDEBUG - musicbot.bot | In bot.py::MainThread(3840), line 397 in join_voice_channel: (join_voice_channel) setting voice state
[4.3032462596893311] 2018-07-19 15:36:05,183 - VOICEDEBUG - musicbot.bot | In bot.py::MainThread(3840), line 400 in join_voice_channel: (join_voice_channel) waiting for session id
[4.4352536201477051] 2018-07-19 15:36:05,315 - VOICEDEBUG - musicbot.bot | In bot.py::MainThread(3840), line 2938 in on_voice_state_update: Voice state update for 469253824864059392/Mia Khalifa#3195 on Liverpool FC/Camera 1 -> [JOIN, CONNECT]
[4.4362537860870361] 2018-07-19 15:36:05,316 - INFO - musicbot.bot | In bot.py::MainThread(3840), line 2949 in on_voice_state_update: 469253824864059392/Mia Khalifa#3195 has joined Liverpool FC/Camera 1
[4.4372537136077881] 2018-07-19 15:36:05,317 - VOICEDEBUG - musicbot.bot | In bot.py::MainThread(3840), line 404 in join_voice_channel: (join_voice_channel) waiting for voice data
[4.6602666378021240] 2018-07-19 15:36:05,540 - VOICEDEBUG - musicbot.bot | In bot.py::MainThread(3840), line 418 in join_voice_channel: (join_voice_channel) connecting...
[5.0842907428741455] 2018-07-19 15:36:05,964 - VOICEDEBUG - musicbot.bot | In bot.py::MainThread(3840), line 430 in join_voice_channel: (join_voice_channel) connection successful
[5.0842907428741455] 2018-07-19 15:36:05,964 - DEBUG - musicbot.bot | In bot.py::MainThread(3840), line 478 in get_voice_client: Connected in 0.8s
[5.0842907428741455] 2018-07-19 15:36:05,964 - INFO - musicbot.bot | In bot.py::MainThread(3840), line 479 in get_voice_client: Connected to Liverpool FC/Camera 1
[5.0852909088134766] 2018-07-19 15:36:05,965 - DEBUG - musicbot.bot | In bot.py::MainThread(3840), line 849 in deserialize_queue: Deserializing queue for 244517771000414209
[5.2412998676300049] 2018-07-19 15:36:06,121 - DEBUG - musicbot.bot | In bot.py::MainThread(3840), line 570 in get_player: Created player via deserialization for server 244517771000414209 with 0 entries
[5.2412998676300049] 2018-07-19 15:36:06,121 - INFO - musicbot.bot | In bot.py::MainThread(3840), line 297 in _join_startup_channels: Joined Liverpool FC/Camera 1
[5.2422997951507568] 2018-07-19 15:36:06,122 - VOICEDEBUG - musicbot.player | In player.py::MainThread(3840), line 373 in websocket_check: Starting websocket check loop for Liverpool FC
[11.3396484851837158] 2018-07-19 15:36:12,219 - INFO - musicbot.bot | In bot.py::MainThread(3840), line 2734 in on_message: 232045397164425226/Lil Mocanu#9941: _Play https://youtu.be/kQcB8QpjfSo?list=LLJL6wjywHLfEsw9m35acnPw
[11.5586609840393066] 2018-07-19 15:36:12,438 - DEBUG - musicbot.bot | In bot.py::MainThread(3840), line 1517 in cmd_play: {'extractor_key': 'YoutubePlaylist', 'ie_key': 'Youtube', 'webpage_url': 'https://youtu.be/kQcB8QpjfSo?list=LLJL6wjywHLfEsw9m35acnPw', 'extractor': 'youtube:playlist', 'url': 'kQcB8QpjfSo', 'webpage_url_basename': 'kQcB8QpjfSo', 'id': 'kQcB8QpjfSo', '_type': 'url'}
[13.7997891902923584] 2018-07-19 15:36:14,679 - DEBUG - musicbot.entry | In entry.py::MainThread(3840), line 54 in get_ready_future: Created future for None
[13.8007893562316895] 2018-07-19 15:36:14,680 - DEBUG - musicbot.bot | In bot.py::MainThread(3840), line 825 in serialize_queue: Serializing queue for 244517771000414209
[13.8017892837524414] 2018-07-19 15:36:14,681 - INFO - musicbot.entry | In entry.py::MainThread(3840), line 220 in _really_download: Download started: https://youtu.be/kQcB8QpjfSo?list=LLJL6wjywHLfEsw9m35acnPw
[15.7919032573699951] 2018-07-19 15:36:16,671 - DEBUG - musicbot.entry | In entry.py::MainThread(3840), line 54 in get_ready_future: Created future for None
[15.8899087905883789] 2018-07-19 15:36:16,769 - INFO - musicbot.entry | In entry.py::MainThread(3840), line 230 in _really_download: Download complete: https://youtu.be/kQcB8QpjfSo?list=LLJL6wjywHLfEsw9m35acnPw
[15.8929090499877930] 2018-07-19 15:36:16,772 - FFMPEG - musicbot.player | In player.py::MainThread(3840), line 330 in _play: Creating player with options: -nostdin -vn audio_cache\youtube-kQcB8QpjfSo-Night_Lovell_-_Still_Cold_M4_Performance_Prod._Dylan_Brady.webm
[15.8959093093872070] 2018-07-19 15:36:16,775 - DEBUG - musicbot.bot | In bot.py::MainThread(3840), line 825 in serialize_queue: Serializing queue for 244517771000414209
[274.4166958332061768] 2018-07-19 15:40:35,296 - DEBUG - musicbot.player | In player.py::MainThread(3840), line 202 in _playback_finished: Deleting file: audio_cache\youtube-kQcB8QpjfSo-Night_Lovell_-_Still_Cold_M4_Performance_Prod._Dylan_Brady.webm
[274.4176957607269287] 2018-07-19 15:40:35,297 - DEBUG - musicbot.bot | In bot.py::MainThread(3840), line 825 in serialize_queue: Serializing queue for 244517771000414209
